2026-04-02 02:34:00 - INFO - --- NEW EXECUTION STARTED ---
2026-04-02 02:34:00 - INFO - Initializing SaaS Waste Analytics Engine...
2026-04-02 02:34:00 - INFO - Attempting to load datasets...
2026-04-02 02:34:00 - INFO - All datasets loaded successfully.
2026-04-02 02:34:00 - INFO - Merging employee, subscription, and usage data...
2026-04-02 02:34:00 - INFO - Analyzing usage patterns to find wasted spend...
2026-04-02 02:34:00 - INFO - AUDIT RESULTS: Found 75 wasted licenses. Total Monthly Waste: $2,922.00.
2026-04-02 02:34:00 - INFO - Clean report successfully saved for Power BI at: C:\subscan-saas-analyzer\scripts\..\data\identified_waste_report.csv
2026-04-02 02:34:00 - INFO - --- EXECUTION COMPLETED ---
2026-04-02 02:39:47 - INFO - --- NEW EXECUTION STARTED ---
2026-04-02 02:39:47 - INFO - Initializing SaaS Waste Analytics Engine...
2026-04-02 02:39:47 - INFO - Attempting to load datasets...
2026-04-02 02:39:47 - INFO - All datasets loaded successfully.
2026-04-02 02:39:47 - INFO - Merging employee, subscription, and usage data...
2026-04-02 02:39:47 - INFO - Analyzing usage patterns to find wasted spend...
2026-04-02 02:39:47 - INFO - AUDIT RESULTS: Found 75 wasted licenses. Total Monthly Waste: $2,922.00.
2026-04-02 02:39:47 - INFO - Clean report successfully saved for Power BI at: C:\subscan-saas-analyzer\scripts\..\data\identified_waste_report.csv
2026-04-02 02:39:47 - INFO - --- EXECUTION COMPLETED ---
2026-04-02 02:42:32 - INFO - --- NEW EXECUTION STARTED ---
2026-04-02 02:42:32 - INFO - Initializing SaaS Waste Analytics Engine...
2026-04-02 02:42:32 - INFO - Attempting to connect to SQL database...
2026-04-02 02:43:34 - INFO - --- NEW EXECUTION STARTED ---
2026-04-02 02:43:34 - INFO - Initializing SaaS Waste Analytics Engine...
2026-04-02 02:43:34 - INFO - Attempting to connect to SQL database...
2026-04-02 02:43:34 - INFO - All datasets successfully pulled from SQL database.
2026-04-02 02:43:34 - INFO - Merging employee, subscription, and usage data...
2026-04-02 02:43:34 - INFO - Analyzing usage patterns to find wasted spend...
2026-04-02 02:43:34 - INFO - AUDIT RESULTS: Found 75 wasted licenses. Total Monthly Waste: $2,922.00.
2026-04-02 02:43:34 - INFO - Clean report successfully saved for Power BI at: C:\subscan-saas-analyzer\scripts\..\data\identified_waste_report.csv
2026-04-02 02:43:34 - INFO - --- EXECUTION COMPLETED ---
